<?xml version="1.0" encoding="UTF-8"?>
<testsuite xmlns:xsi="http://www.w3.org/2001/XMLSchema-instance" xsi:noNamespaceSchemaLocation="https://maven.apache.org/surefire/maven-surefire-plugin/xsd/surefire-test-report.xsd" name="UserLoginTest" time="2.881" tests="3" errors="0" skipped="0" failures="0">
  <properties>
[...]
</properties>
  <testcase name="userLoginUnsuccessWithoutLoginField" classname="UserLoginTest" time="0.909"/>
  <testcase name="userCanSuccessfullyLogin" classname="UserLoginTest" time="0.988"/>
  <testcase name="userLoginUnsuccessWithoutPasswordField" classname="UserLoginTest" time="0.976"/>
</testsuite>